2020-11-29 18:50:56 INFO  Using MapDB to store monitoring data
2020-11-29 18:50:56 INFO  Starting intent recognition monitoring
2020-11-29 18:50:57 INFO  Registered REST handler  at URI /analytics/monitoring (method=GET)
2020-11-29 18:50:57 INFO  Registered REST handler  at URI /analytics/monitoring/session (method=GET)
2020-11-29 18:50:57 INFO  Registered REST handler  at URI /analytics/monitoring/unmatched (method=GET)
2020-11-29 18:50:57 INFO  Registered REST handler  at URI /analytics/monitoring/matched (method=GET)
2020-11-29 18:50:57 INFO  Registered REST handler  at URI /analytics/monitoring/sessions/stats (method=GET)
2020-11-29 18:50:57 INFO  Starting RegExIntentRecognitionProvider
2020-11-29 18:50:58 INFO  Session store / pubsub factory used: MemoryStoreFactory (local session store only)
2020-11-29 18:50:58 INFO  Registered REST handler  at URI /admin (method=GET)
2020-11-29 18:50:58 INFO  Registered REST handler  at URI /admin/css/xatkit.css (method=GET)
2020-11-29 18:50:58 INFO  Registered REST handler  at URI /admin/js/xatkit.js (method=GET)
2020-11-29 18:50:58 INFO  Starting ReactEventProvider
2020-11-29 18:50:58 INFO  Starting ReactIntentProvider
2020-11-29 18:50:58 INFO  Registering execution rule events
2020-11-29 18:50:58 INFO  SocketIO server started at port: 5001
2020-11-29 18:50:59 INFO  Starting XatkitServer
2020-11-29 18:50:59 INFO  Registered REST handler  at URI /status (method=GET)
2020-11-29 18:50:59 INFO  XatkitServer started, listening on port 5,000
2020-11-29 18:50:59 INFO  Xatkit bot started
2020-11-29 18:51:15 ERROR No endpoint registered for GET: /favicon.ico
2020-11-29 18:51:28 INFO  Stopping SocketIO server
2020-11-29 18:51:28 ERROR null
java.net.SocketException: Socket closed
	at java.net.PlainSocketImpl.socketAccept(Native Method) ~[?:1.8.0_275]
	at java.net.AbstractPlainSocketImpl.accept(AbstractPlainSocketImpl.java:409) ~[?:1.8.0_275]
	at java.net.ServerSocket.implAccept(ServerSocket.java:560) ~[?:1.8.0_275]
	at java.net.ServerSocket.accept(ServerSocket.java:528) ~[?:1.8.0_275]
	at org.apache.http.impl.bootstrap.RequestListener.run(RequestListener.java:74) [httpcore-4.4.10.jar:4.4.10]
	at java.util.concurrent.ThreadPoolExecutor.runWorker(ThreadPoolExecutor.java:1149) [?:1.8.0_275]
	at java.util.concurrent.ThreadPoolExecutor$Worker.run(ThreadPoolExecutor.java:624) [?:1.8.0_275]
	at java.lang.Thread.run(Thread.java:748) [?:1.8.0_275]
2020-11-29 18:51:33 INFO  SocketIO server stopped
2021-01-07 16:49:11 INFO  Using MapDB to store monitoring data
2021-01-07 16:49:11 INFO  Starting intent recognition monitoring
2021-01-07 16:49:12 INFO  Registered REST handler  at URI /analytics/monitoring (method=GET)
2021-01-07 16:49:12 INFO  Registered REST handler  at URI /analytics/monitoring/session (method=GET)
2021-01-07 16:49:12 INFO  Registered REST handler  at URI /analytics/monitoring/unmatched (method=GET)
2021-01-07 16:49:12 INFO  Registered REST handler  at URI /analytics/monitoring/matched (method=GET)
2021-01-07 16:49:12 INFO  Registered REST handler  at URI /analytics/monitoring/sessions/stats (method=GET)
2021-01-07 16:49:12 INFO  Starting RegExIntentRecognitionProvider
2021-01-07 16:49:12 INFO  Session store / pubsub factory used: MemoryStoreFactory (local session store only)
2021-01-07 16:49:12 INFO  Registered REST handler  at URI /admin (method=GET)
2021-01-07 16:49:12 INFO  Registered REST handler  at URI /admin/css/xatkit.css (method=GET)
2021-01-07 16:49:12 INFO  Registered REST handler  at URI /admin/js/xatkit.js (method=GET)
2021-01-07 16:49:12 INFO  Starting ReactEventProvider
2021-01-07 16:49:12 INFO  SocketIO server started at port: 5001
2021-01-07 16:49:12 INFO  Starting ReactIntentProvider
2021-01-07 16:49:12 INFO  Registering execution rule events
2021-01-07 16:49:13 WARN  Cannot find a mapping for the abstract entity any, returning the fallback entity ((\S)+)
2021-01-07 16:49:13 WARN  Cannot find a mapping for the abstract entity any, returning the fallback entity ((\S)+)
2021-01-07 16:49:13 WARN  Cannot find a mapping for the abstract entity any, returning the fallback entity ((\S)+)
2021-01-07 16:49:13 WARN  Cannot find a mapping for the abstract entity any, returning the fallback entity ((\S)+)
2021-01-07 16:49:13 WARN  Cannot find a mapping for the abstract entity any, returning the fallback entity ((\S)+)
2021-01-07 16:49:13 WARN  Cannot find a mapping for the abstract entity any, returning the fallback entity ((\S)+)
2021-01-07 16:49:13 WARN  Cannot find a mapping for the abstract entity any, returning the fallback entity ((\S)+)
2021-01-07 16:49:13 WARN  Cannot find a mapping for the abstract entity any, returning the fallback entity ((\S)+)
2021-01-07 16:49:13 WARN  Cannot find a mapping for the abstract entity any, returning the fallback entity ((\S)+)
2021-01-07 16:49:13 WARN  Cannot find a mapping for the abstract entity any, returning the fallback entity ((\S)+)
2021-01-07 16:49:13 WARN  Cannot find a mapping for the abstract entity any, returning the fallback entity ((\S)+)
2021-01-07 16:49:13 WARN  Cannot find a mapping for the abstract entity any, returning the fallback entity ((\S)+)
2021-01-07 16:49:13 WARN  Cannot find a mapping for the abstract entity any, returning the fallback entity ((\S)+)
2021-01-07 16:49:13 WARN  Cannot find a mapping for the abstract entity any, returning the fallback entity ((\S)+)
2021-01-07 16:49:13 WARN  Cannot find a mapping for the abstract entity any, returning the fallback entity ((\S)+)
2021-01-07 16:49:13 WARN  Cannot find a mapping for the abstract entity any, returning the fallback entity ((\S)+)
2021-01-07 16:49:13 WARN  Cannot find a mapping for the abstract entity any, returning the fallback entity ((\S)+)
2021-01-07 16:49:13 WARN  Cannot find a mapping for the abstract entity any, returning the fallback entity ((\S)+)
2021-01-07 16:49:13 WARN  Cannot find a mapping for the abstract entity any, returning the fallback entity ((\S)+)
2021-01-07 16:49:13 WARN  Cannot find a mapping for the abstract entity any, returning the fallback entity ((\S)+)
2021-01-07 16:49:13 WARN  Cannot find a mapping for the abstract entity any, returning the fallback entity ((\S)+)
2021-01-07 16:49:13 WARN  Cannot find a mapping for the abstract entity any, returning the fallback entity ((\S)+)
2021-01-07 16:49:13 WARN  Cannot find a mapping for the abstract entity any, returning the fallback entity ((\S)+)
2021-01-07 16:49:13 WARN  Cannot find a mapping for the abstract entity any, returning the fallback entity ((\S)+)
2021-01-07 16:49:13 WARN  Cannot find a mapping for the abstract entity any, returning the fallback entity ((\S)+)
2021-01-07 16:49:13 WARN  Cannot find a mapping for the abstract entity any, returning the fallback entity ((\S)+)
2021-01-07 16:49:13 WARN  Cannot find a mapping for the abstract entity any, returning the fallback entity ((\S)+)
2021-01-07 16:49:13 WARN  Cannot find a mapping for the abstract entity any, returning the fallback entity ((\S)+)
2021-01-07 16:49:13 WARN  Cannot find a mapping for the abstract entity any, returning the fallback entity ((\S)+)
2021-01-07 16:49:13 WARN  Cannot find a mapping for the abstract entity any, returning the fallback entity ((\S)+)
2021-01-07 16:49:13 WARN  Cannot find a mapping for the abstract entity any, returning the fallback entity ((\S)+)
2021-01-07 16:49:13 WARN  Cannot find a mapping for the abstract entity any, returning the fallback entity ((\S)+)
2021-01-07 16:49:13 WARN  Cannot find a mapping for the abstract entity any, returning the fallback entity ((\S)+)
2021-01-07 16:49:13 WARN  Cannot find a mapping for the abstract entity any, returning the fallback entity ((\S)+)
2021-01-07 16:49:13 WARN  Cannot find a mapping for the abstract entity any, returning the fallback entity ((\S)+)
2021-01-07 16:49:13 WARN  Cannot find a mapping for the abstract entity any, returning the fallback entity ((\S)+)
2021-01-07 16:49:13 WARN  Cannot find a mapping for the abstract entity any, returning the fallback entity ((\S)+)
2021-01-07 16:49:13 WARN  Cannot find a mapping for the abstract entity any, returning the fallback entity ((\S)+)
2021-01-07 16:49:13 INFO  Starting XatkitServer
2021-01-07 16:49:13 INFO  Registered REST handler  at URI /status (method=GET)
2021-01-07 16:49:13 INFO  XatkitServer started, listening on port 5,000
2021-01-07 16:49:13 INFO  Xatkit bot started
2021-01-07 16:49:21 ERROR No endpoint registered for GET: /
2021-01-07 16:49:34 ERROR No endpoint registered for GET: /favicon.ico
2021-01-07 16:49:52 INFO  Stopping SocketIO server
2021-01-07 16:49:52 ERROR null
java.net.SocketException: Socket closed
	at java.net.PlainSocketImpl.socketAccept(Native Method) ~[?:1.8.0_275]
	at java.net.AbstractPlainSocketImpl.accept(AbstractPlainSocketImpl.java:409) ~[?:1.8.0_275]
	at java.net.ServerSocket.implAccept(ServerSocket.java:560) ~[?:1.8.0_275]
	at java.net.ServerSocket.accept(ServerSocket.java:528) ~[?:1.8.0_275]
	at org.apache.http.impl.bootstrap.RequestListener.run(RequestListener.java:74) [httpcore-4.4.10.jar:4.4.10]
	at java.util.concurrent.ThreadPoolExecutor.runWorker(ThreadPoolExecutor.java:1149) [?:1.8.0_275]
	at java.util.concurrent.ThreadPoolExecutor$Worker.run(ThreadPoolExecutor.java:624) [?:1.8.0_275]
	at java.lang.Thread.run(Thread.java:748) [?:1.8.0_275]
2021-01-07 16:49:56 INFO  SocketIO server stopped
2021-01-07 18:42:45 INFO  Using MapDB to store monitoring data
2021-01-07 18:42:45 INFO  Starting intent recognition monitoring
2021-01-07 18:42:45 INFO  Registered REST handler  at URI /analytics/monitoring (method=GET)
2021-01-07 18:42:45 INFO  Registered REST handler  at URI /analytics/monitoring/session (method=GET)
2021-01-07 18:42:45 INFO  Registered REST handler  at URI /analytics/monitoring/unmatched (method=GET)
2021-01-07 18:42:45 INFO  Registered REST handler  at URI /analytics/monitoring/matched (method=GET)
2021-01-07 18:42:45 INFO  Registered REST handler  at URI /analytics/monitoring/sessions/stats (method=GET)
2021-01-07 18:42:45 INFO  Starting RegExIntentRecognitionProvider
2021-01-07 18:42:45 INFO  Session store / pubsub factory used: MemoryStoreFactory (local session store only)
2021-01-07 18:42:46 INFO  Registered REST handler  at URI /admin (method=GET)
2021-01-07 18:42:46 INFO  Registered REST handler  at URI /admin/css/xatkit.css (method=GET)
2021-01-07 18:42:46 INFO  Registered REST handler  at URI /admin/js/xatkit.js (method=GET)
2021-01-07 18:42:46 INFO  Starting ReactEventProvider
2021-01-07 18:42:46 INFO  SocketIO server started at port: 5001
2021-01-07 18:42:46 INFO  Starting ReactIntentProvider
2021-01-07 18:42:46 INFO  Registering execution rule events
2021-01-07 18:42:46 WARN  Cannot find a mapping for the abstract entity any, returning the fallback entity ((\S)+)
2021-01-07 18:42:46 WARN  Cannot find a mapping for the abstract entity any, returning the fallback entity ((\S)+)
2021-01-07 18:42:46 WARN  Cannot find a mapping for the abstract entity any, returning the fallback entity ((\S)+)
2021-01-07 18:42:46 WARN  Cannot find a mapping for the abstract entity any, returning the fallback entity ((\S)+)
2021-01-07 18:42:46 WARN  Cannot find a mapping for the abstract entity any, returning the fallback entity ((\S)+)
2021-01-07 18:42:46 WARN  Cannot find a mapping for the abstract entity any, returning the fallback entity ((\S)+)
2021-01-07 18:42:46 WARN  Cannot find a mapping for the abstract entity any, returning the fallback entity ((\S)+)
2021-01-07 18:42:46 WARN  Cannot find a mapping for the abstract entity any, returning the fallback entity ((\S)+)
2021-01-07 18:42:46 WARN  Cannot find a mapping for the abstract entity any, returning the fallback entity ((\S)+)
2021-01-07 18:42:46 WARN  Cannot find a mapping for the abstract entity any, returning the fallback entity ((\S)+)
2021-01-07 18:42:46 WARN  Cannot find a mapping for the abstract entity any, returning the fallback entity ((\S)+)
2021-01-07 18:42:46 WARN  Cannot find a mapping for the abstract entity any, returning the fallback entity ((\S)+)
2021-01-07 18:42:46 WARN  Cannot find a mapping for the abstract entity any, returning the fallback entity ((\S)+)
2021-01-07 18:42:46 WARN  Cannot find a mapping for the abstract entity any, returning the fallback entity ((\S)+)
2021-01-07 18:42:46 WARN  Cannot find a mapping for the abstract entity any, returning the fallback entity ((\S)+)
2021-01-07 18:42:46 WARN  Cannot find a mapping for the abstract entity any, returning the fallback entity ((\S)+)
2021-01-07 18:42:46 WARN  Cannot find a mapping for the abstract entity any, returning the fallback entity ((\S)+)
2021-01-07 18:42:46 WARN  Cannot find a mapping for the abstract entity any, returning the fallback entity ((\S)+)
2021-01-07 18:42:46 WARN  Cannot find a mapping for the abstract entity any, returning the fallback entity ((\S)+)
2021-01-07 18:42:46 WARN  Cannot find a mapping for the abstract entity any, returning the fallback entity ((\S)+)
2021-01-07 18:42:46 WARN  Cannot find a mapping for the abstract entity any, returning the fallback entity ((\S)+)
2021-01-07 18:42:46 WARN  Cannot find a mapping for the abstract entity any, returning the fallback entity ((\S)+)
2021-01-07 18:42:46 WARN  Cannot find a mapping for the abstract entity any, returning the fallback entity ((\S)+)
2021-01-07 18:42:46 WARN  Cannot find a mapping for the abstract entity any, returning the fallback entity ((\S)+)
2021-01-07 18:42:46 WARN  Cannot find a mapping for the abstract entity any, returning the fallback entity ((\S)+)
2021-01-07 18:42:46 WARN  Cannot find a mapping for the abstract entity any, returning the fallback entity ((\S)+)
2021-01-07 18:42:46 WARN  Cannot find a mapping for the abstract entity any, returning the fallback entity ((\S)+)
2021-01-07 18:42:46 WARN  Cannot find a mapping for the abstract entity any, returning the fallback entity ((\S)+)
2021-01-07 18:42:46 WARN  Cannot find a mapping for the abstract entity any, returning the fallback entity ((\S)+)
2021-01-07 18:42:46 WARN  Cannot find a mapping for the abstract entity any, returning the fallback entity ((\S)+)
2021-01-07 18:42:46 WARN  Cannot find a mapping for the abstract entity any, returning the fallback entity ((\S)+)
2021-01-07 18:42:46 WARN  Cannot find a mapping for the abstract entity any, returning the fallback entity ((\S)+)
2021-01-07 18:42:46 WARN  Cannot find a mapping for the abstract entity any, returning the fallback entity ((\S)+)
2021-01-07 18:42:46 WARN  Cannot find a mapping for the abstract entity any, returning the fallback entity ((\S)+)
2021-01-07 18:42:46 WARN  Cannot find a mapping for the abstract entity any, returning the fallback entity ((\S)+)
2021-01-07 18:42:46 WARN  Cannot find a mapping for the abstract entity any, returning the fallback entity ((\S)+)
2021-01-07 18:42:46 WARN  Cannot find a mapping for the abstract entity any, returning the fallback entity ((\S)+)
2021-01-07 18:42:46 WARN  Cannot find a mapping for the abstract entity any, returning the fallback entity ((\S)+)
2021-01-07 18:42:46 INFO  Starting XatkitServer
2021-01-07 18:42:46 INFO  Registered REST handler  at URI /status (method=GET)
2021-01-07 18:42:46 INFO  XatkitServer started, listening on port 5,000
2021-01-07 18:42:46 INFO  Xatkit bot started
2021-01-07 18:43:34 INFO  Detected Intent CreateContract (confidence 1) from query text "I want to create a contract" (com.xatkit.execution.impl.StateContextImpl@188758e5 (configuration: {sun.cpu.isalist=, sun.desktop=gnome, sun.io.unicode.encoding=UnicodeLittle, sun.cpu.endian=little, java.vendor.url.bug=http://bugreport.sun.com/bugreport/, file.separator=/, maven.home=/usr/share/maven, java.vendor=Private Build, sun.boot.class.path=/usr/lib/jvm/java-8-openjdk-amd64/jre/lib/resources.jar:/usr/lib/jvm/java-8-openjdk-amd64/jre/lib/rt.jar:/usr/lib/jvm/java-8-openjdk-amd64/jre/lib/sunrsasign.jar:/usr/lib/jvm/java-8-openjdk-amd64/jre/lib/jsse.jar:/usr/lib/jvm/java-8-openjdk-amd64/jre/lib/jce.jar:/usr/lib/jvm/java-8-openjdk-amd64/jre/lib/charsets.jar:/usr/lib/jvm/java-8-openjdk-amd64/jre/lib/jfr.jar:/usr/lib/jvm/java-8-openjdk-amd64/jre/classes, securerandom.source=file:/dev/./urandom, java.ext.dirs=/usr/lib/jvm/java-8-openjdk-amd64/jre/lib/ext:/usr/java/packages/lib/ext, java.version=1.8.0_275, java.vm.info=mixed mode, awt.toolkit=sun.awt.X11.XToolkit, user.language=en, java.specification.vendor=Oracle Corporation, sun.java.command=org.codehaus.plexus.classworlds.launcher.Launcher exec:java -Dexec.mainClass=com.xatkit.example.MdeBot, java.home=/usr/lib/jvm/java-8-openjdk-amd64/jre, sun.arch.data.model=64, java.vm.specification.version=1.8, java.class.path=/usr/share/maven/boot/plexus-classworlds-2.x.jar, user.name=qm_shail_hash_98, file.encoding=UTF-8, java.specification.version=1.8, java.awt.printerjob=sun.print.PSPrinterJob, user.timezone=Asia/Kolkata, user.home=/home/qm_shail_hash_98, library.jansi.path=/usr/share/maven/lib/jansi-native, os.version=5.4.0-59-generic, sun.management.compiler=HotSpot 64-Bit Tiered Compilers, java.specification.name=Java Platform API Specification, java.class.version=52.0, maven.conf=/usr/share/maven/conf, java.library.path=/usr/java/packages/lib/amd64:/usr/lib/x86_64-linux-gnu/jni:/lib/x86_64-linux-gnu:/usr/lib/x86_64-linux-gnu:/usr/lib/jni:/lib:/usr/lib, sun.jnu.encoding=UTF-8, classworlds.conf=/usr/share/maven/bin/m2.conf, os.name=Linux, java.vm.specification.vendor=Oracle Corporation, java.io.tmpdir=/tmp, line.separator=
, java.endorsed.dirs=/usr/lib/jvm/java-8-openjdk-amd64/jre/lib/endorsed, os.arch=amd64, java.awt.graphicsenv=sun.awt.X11GraphicsEnvironment, java.runtime.version=1.8.0_275-8u275-b01-0ubuntu1~20.04-b01, java.vm.specification.name=Java Virtual Machine Specification, user.dir=/home/qm_shail_hash_98/xatkit/xatkit-examples/MdeBots/MdeBot-2, user.country=IN, sun.java.launcher=SUN_STANDARD, sun.os.patch.level=unknown, java.vm.name=OpenJDK 64-Bit Server VM, file.encoding.pkg=sun.io, guice.disable.misplaced.annotation.check=true, path.separator=:, maven.multiModuleProjectDirectory=/home/qm_shail_hash_98/xatkit/xatkit-examples/MdeBots/MdeBot-2, java.vm.vendor=Private Build, java.vendor.url=http://java.oracle.com/, exec.mainClass=com.xatkit.example.MdeBot, sun.boot.library.path=/usr/lib/jvm/java-8-openjdk-amd64/jre/lib/amd64, java.vm.version=25.275-b01, java.runtime.name=OpenJDK Runtime Environment}, session: {}, contextId: 58617690-907f-42f0-925c-e58d6425951b, origin: http://localhost:5000))
2021-01-07 18:46:09 INFO  Detected Intent ContractName (confidence 1) from query text "I want to call the contract as MedicalRecord" (com.xatkit.execution.impl.StateContextImpl@188758e5 (configuration: {sun.cpu.isalist=, sun.desktop=gnome, sun.io.unicode.encoding=UnicodeLittle, sun.cpu.endian=little, java.vendor.url.bug=http://bugreport.sun.com/bugreport/, file.separator=/, maven.home=/usr/share/maven, java.vendor=Private Build, sun.boot.class.path=/usr/lib/jvm/java-8-openjdk-amd64/jre/lib/resources.jar:/usr/lib/jvm/java-8-openjdk-amd64/jre/lib/rt.jar:/usr/lib/jvm/java-8-openjdk-amd64/jre/lib/sunrsasign.jar:/usr/lib/jvm/java-8-openjdk-amd64/jre/lib/jsse.jar:/usr/lib/jvm/java-8-openjdk-amd64/jre/lib/jce.jar:/usr/lib/jvm/java-8-openjdk-amd64/jre/lib/charsets.jar:/usr/lib/jvm/java-8-openjdk-amd64/jre/lib/jfr.jar:/usr/lib/jvm/java-8-openjdk-amd64/jre/classes, securerandom.source=file:/dev/./urandom, java.ext.dirs=/usr/lib/jvm/java-8-openjdk-amd64/jre/lib/ext:/usr/java/packages/lib/ext, java.version=1.8.0_275, java.vm.info=mixed mode, awt.toolkit=sun.awt.X11.XToolkit, user.language=en, java.specification.vendor=Oracle Corporation, sun.java.command=org.codehaus.plexus.classworlds.launcher.Launcher exec:java -Dexec.mainClass=com.xatkit.example.MdeBot, java.home=/usr/lib/jvm/java-8-openjdk-amd64/jre, sun.arch.data.model=64, java.vm.specification.version=1.8, java.class.path=/usr/share/maven/boot/plexus-classworlds-2.x.jar, user.name=qm_shail_hash_98, file.encoding=UTF-8, java.specification.version=1.8, java.awt.printerjob=sun.print.PSPrinterJob, user.timezone=Asia/Kolkata, user.home=/home/qm_shail_hash_98, library.jansi.path=/usr/share/maven/lib/jansi-native, os.version=5.4.0-59-generic, sun.management.compiler=HotSpot 64-Bit Tiered Compilers, java.specification.name=Java Platform API Specification, java.class.version=52.0, maven.conf=/usr/share/maven/conf, java.library.path=/usr/java/packages/lib/amd64:/usr/lib/x86_64-linux-gnu/jni:/lib/x86_64-linux-gnu:/usr/lib/x86_64-linux-gnu:/usr/lib/jni:/lib:/usr/lib, sun.jnu.encoding=UTF-8, classworlds.conf=/usr/share/maven/bin/m2.conf, os.name=Linux, java.vm.specification.vendor=Oracle Corporation, java.io.tmpdir=/tmp, line.separator=
, java.endorsed.dirs=/usr/lib/jvm/java-8-openjdk-amd64/jre/lib/endorsed, os.arch=amd64, java.awt.graphicsenv=sun.awt.X11GraphicsEnvironment, java.runtime.version=1.8.0_275-8u275-b01-0ubuntu1~20.04-b01, java.vm.specification.name=Java Virtual Machine Specification, user.dir=/home/qm_shail_hash_98/xatkit/xatkit-examples/MdeBots/MdeBot-2, user.country=IN, sun.java.launcher=SUN_STANDARD, sun.os.patch.level=unknown, java.vm.name=OpenJDK 64-Bit Server VM, file.encoding.pkg=sun.io, guice.disable.misplaced.annotation.check=true, path.separator=:, maven.multiModuleProjectDirectory=/home/qm_shail_hash_98/xatkit/xatkit-examples/MdeBots/MdeBot-2, java.vm.vendor=Private Build, java.vendor.url=http://java.oracle.com/, exec.mainClass=com.xatkit.example.MdeBot, sun.boot.library.path=/usr/lib/jvm/java-8-openjdk-amd64/jre/lib/amd64, java.vm.version=25.275-b01, java.runtime.name=OpenJDK Runtime Environment}, session: {}, contextId: 58617690-907f-42f0-925c-e58d6425951b, origin: http://localhost:5000))
2021-01-07 19:08:26 INFO  Stopping SocketIO server
2021-01-07 19:08:26 ERROR null
java.net.SocketException: Socket closed
	at java.net.PlainSocketImpl.socketAccept(Native Method) ~[?:1.8.0_275]
	at java.net.AbstractPlainSocketImpl.accept(AbstractPlainSocketImpl.java:409) ~[?:1.8.0_275]
	at java.net.ServerSocket.implAccept(ServerSocket.java:560) ~[?:1.8.0_275]
	at java.net.ServerSocket.accept(ServerSocket.java:528) ~[?:1.8.0_275]
	at org.apache.http.impl.bootstrap.RequestListener.run(RequestListener.java:74) [httpcore-4.4.10.jar:4.4.10]
	at java.util.concurrent.ThreadPoolExecutor.runWorker(ThreadPoolExecutor.java:1149) [?:1.8.0_275]
	at java.util.concurrent.ThreadPoolExecutor$Worker.run(ThreadPoolExecutor.java:624) [?:1.8.0_275]
	at java.lang.Thread.run(Thread.java:748) [?:1.8.0_275]
2021-01-07 19:08:30 INFO  SocketIO server stopped
2021-03-11 22:22:00 INFO  Using MapDB to store monitoring data
2021-03-11 22:22:00 INFO  Starting intent recognition monitoring
2021-03-11 22:22:00 INFO  Registered REST handler  at URI /analytics/monitoring (method=GET)
2021-03-11 22:22:00 INFO  Registered REST handler  at URI /analytics/monitoring/session (method=GET)
2021-03-11 22:22:00 INFO  Registered REST handler  at URI /analytics/monitoring/unmatched (method=GET)
2021-03-11 22:22:00 INFO  Registered REST handler  at URI /analytics/monitoring/matched (method=GET)
2021-03-11 22:22:00 INFO  Registered REST handler  at URI /analytics/monitoring/sessions/stats (method=GET)
2021-03-11 22:22:00 INFO  Starting RegExIntentRecognitionProvider
2021-03-11 22:22:01 INFO  Session store / pubsub factory used: MemoryStoreFactory (local session store only)
2021-03-11 22:22:01 INFO  Registered REST handler  at URI /admin (method=GET)
2021-03-11 22:22:01 INFO  Registered REST handler  at URI /admin/css/xatkit.css (method=GET)
2021-03-11 22:22:01 INFO  Registered REST handler  at URI /admin/js/xatkit.js (method=GET)
2021-03-11 22:22:01 INFO  Starting ReactEventProvider
2021-03-11 22:22:01 INFO  SocketIO server started at port: 5001
2021-03-11 22:22:01 INFO  Starting ReactIntentProvider
2021-03-11 22:22:01 INFO  Registering execution rule events
2021-03-11 22:22:02 WARN  Cannot find a mapping for the abstract entity any, returning the fallback entity ((\S)+)
2021-03-11 22:22:02 WARN  Cannot find a mapping for the abstract entity any, returning the fallback entity ((\S)+)
2021-03-11 22:22:02 WARN  Cannot find a mapping for the abstract entity any, returning the fallback entity ((\S)+)
2021-03-11 22:22:02 WARN  Cannot find a mapping for the abstract entity any, returning the fallback entity ((\S)+)
2021-03-11 22:22:02 WARN  Cannot find a mapping for the abstract entity any, returning the fallback entity ((\S)+)
2021-03-11 22:22:02 WARN  Cannot find a mapping for the abstract entity any, returning the fallback entity ((\S)+)
2021-03-11 22:22:02 WARN  Cannot find a mapping for the abstract entity any, returning the fallback entity ((\S)+)
2021-03-11 22:22:02 WARN  Cannot find a mapping for the abstract entity any, returning the fallback entity ((\S)+)
2021-03-11 22:22:02 WARN  Cannot find a mapping for the abstract entity any, returning the fallback entity ((\S)+)
2021-03-11 22:22:02 WARN  Cannot find a mapping for the abstract entity any, returning the fallback entity ((\S)+)
2021-03-11 22:22:02 WARN  Cannot find a mapping for the abstract entity any, returning the fallback entity ((\S)+)
2021-03-11 22:22:02 WARN  Cannot find a mapping for the abstract entity any, returning the fallback entity ((\S)+)
2021-03-11 22:22:02 WARN  Cannot find a mapping for the abstract entity any, returning the fallback entity ((\S)+)
2021-03-11 22:22:02 WARN  Cannot find a mapping for the abstract entity any, returning the fallback entity ((\S)+)
2021-03-11 22:22:02 WARN  Cannot find a mapping for the abstract entity any, returning the fallback entity ((\S)+)
2021-03-11 22:22:02 WARN  Cannot find a mapping for the abstract entity any, returning the fallback entity ((\S)+)
2021-03-11 22:22:02 WARN  Cannot find a mapping for the abstract entity any, returning the fallback entity ((\S)+)
2021-03-11 22:22:02 WARN  Cannot find a mapping for the abstract entity any, returning the fallback entity ((\S)+)
2021-03-11 22:22:02 WARN  Cannot find a mapping for the abstract entity any, returning the fallback entity ((\S)+)
2021-03-11 22:22:02 WARN  Cannot find a mapping for the abstract entity any, returning the fallback entity ((\S)+)
2021-03-11 22:22:02 WARN  Cannot find a mapping for the abstract entity any, returning the fallback entity ((\S)+)
2021-03-11 22:22:02 WARN  Cannot find a mapping for the abstract entity any, returning the fallback entity ((\S)+)
2021-03-11 22:22:02 WARN  Cannot find a mapping for the abstract entity any, returning the fallback entity ((\S)+)
2021-03-11 22:22:02 WARN  Cannot find a mapping for the abstract entity any, returning the fallback entity ((\S)+)
2021-03-11 22:22:02 WARN  Cannot find a mapping for the abstract entity any, returning the fallback entity ((\S)+)
2021-03-11 22:22:02 WARN  Cannot find a mapping for the abstract entity any, returning the fallback entity ((\S)+)
2021-03-11 22:22:02 WARN  Cannot find a mapping for the abstract entity any, returning the fallback entity ((\S)+)
2021-03-11 22:22:02 WARN  Cannot find a mapping for the abstract entity any, returning the fallback entity ((\S)+)
2021-03-11 22:22:02 WARN  Cannot find a mapping for the abstract entity any, returning the fallback entity ((\S)+)
2021-03-11 22:22:02 WARN  Cannot find a mapping for the abstract entity any, returning the fallback entity ((\S)+)
2021-03-11 22:22:02 WARN  Cannot find a mapping for the abstract entity any, returning the fallback entity ((\S)+)
2021-03-11 22:22:02 WARN  Cannot find a mapping for the abstract entity any, returning the fallback entity ((\S)+)
2021-03-11 22:22:02 WARN  Cannot find a mapping for the abstract entity any, returning the fallback entity ((\S)+)
2021-03-11 22:22:02 WARN  Cannot find a mapping for the abstract entity any, returning the fallback entity ((\S)+)
2021-03-11 22:22:02 WARN  Cannot find a mapping for the abstract entity any, returning the fallback entity ((\S)+)
2021-03-11 22:22:02 WARN  Cannot find a mapping for the abstract entity any, returning the fallback entity ((\S)+)
2021-03-11 22:22:02 WARN  Cannot find a mapping for the abstract entity any, returning the fallback entity ((\S)+)
2021-03-11 22:22:02 WARN  Cannot find a mapping for the abstract entity any, returning the fallback entity ((\S)+)
2021-03-11 22:22:02 WARN  Cannot find a mapping for the abstract entity any, returning the fallback entity ((\S)+)
2021-03-11 22:22:02 WARN  Cannot find a mapping for the abstract entity any, returning the fallback entity ((\S)+)
2021-03-11 22:22:02 WARN  Cannot find a mapping for the abstract entity any, returning the fallback entity ((\S)+)
2021-03-11 22:22:02 WARN  Cannot find a mapping for the abstract entity any, returning the fallback entity ((\S)+)
2021-03-11 22:22:02 WARN  Cannot find a mapping for the abstract entity any, returning the fallback entity ((\S)+)
2021-03-11 22:22:02 WARN  Cannot find a mapping for the abstract entity any, returning the fallback entity ((\S)+)
2021-03-11 22:22:02 WARN  Cannot find a mapping for the abstract entity any, returning the fallback entity ((\S)+)
2021-03-11 22:22:02 WARN  Cannot find a mapping for the abstract entity any, returning the fallback entity ((\S)+)
2021-03-11 22:22:02 WARN  Cannot find a mapping for the abstract entity any, returning the fallback entity ((\S)+)
2021-03-11 22:22:02 WARN  Cannot find a mapping for the abstract entity any, returning the fallback entity ((\S)+)
2021-03-11 22:22:02 WARN  Cannot find a mapping for the abstract entity any, returning the fallback entity ((\S)+)
2021-03-11 22:22:02 WARN  Cannot find a mapping for the abstract entity any, returning the fallback entity ((\S)+)
2021-03-11 22:22:02 WARN  Cannot find a mapping for the abstract entity any, returning the fallback entity ((\S)+)
2021-03-11 22:22:02 WARN  Cannot find a mapping for the abstract entity any, returning the fallback entity ((\S)+)
2021-03-11 22:22:02 WARN  Cannot find a mapping for the abstract entity any, returning the fallback entity ((\S)+)
2021-03-11 22:22:02 WARN  Cannot find a mapping for the abstract entity any, returning the fallback entity ((\S)+)
2021-03-11 22:22:02 WARN  Cannot find a mapping for the abstract entity any, returning the fallback entity ((\S)+)
2021-03-11 22:22:02 WARN  Cannot find a mapping for the abstract entity any, returning the fallback entity ((\S)+)
2021-03-11 22:22:02 WARN  Cannot find a mapping for the abstract entity any, returning the fallback entity ((\S)+)
2021-03-11 22:22:02 WARN  Cannot find a mapping for the abstract entity any, returning the fallback entity ((\S)+)
2021-03-11 22:22:02 WARN  Cannot find a mapping for the abstract entity any, returning the fallback entity ((\S)+)
2021-03-11 22:22:02 WARN  Cannot find a mapping for the abstract entity any, returning the fallback entity ((\S)+)
2021-03-11 22:22:02 WARN  Cannot find a mapping for the abstract entity any, returning the fallback entity ((\S)+)
2021-03-11 22:22:02 WARN  Cannot find a mapping for the abstract entity any, returning the fallback entity ((\S)+)
2021-03-11 22:22:02 WARN  Cannot find a mapping for the abstract entity any, returning the fallback entity ((\S)+)
2021-03-11 22:22:02 WARN  Cannot find a mapping for the abstract entity any, returning the fallback entity ((\S)+)
2021-03-11 22:22:02 WARN  Cannot find a mapping for the abstract entity any, returning the fallback entity ((\S)+)
2021-03-11 22:22:02 WARN  Cannot find a mapping for the abstract entity any, returning the fallback entity ((\S)+)
2021-03-11 22:22:02 WARN  Cannot find a mapping for the abstract entity any, returning the fallback entity ((\S)+)
2021-03-11 22:22:02 INFO  Starting XatkitServer
2021-03-11 22:22:02 INFO  Registered REST handler  at URI /status (method=GET)
2021-03-11 22:22:02 INFO  XatkitServer started, listening on port 5,000
2021-03-11 22:22:02 INFO  Xatkit bot started
2021-03-11 22:23:06 ERROR No endpoint registered for GET: /
2021-03-11 22:23:13 ERROR No endpoint registered for GET: /favicon.ico
2021-03-11 22:24:01 INFO  Detected Intent CreateContract (confidence 1) from query text "I want to create a contract" (com.xatkit.execution.impl.StateContextImpl@c02e92c (configuration: {sun.cpu.isalist=, sun.desktop=gnome, sun.io.unicode.encoding=UnicodeLittle, sun.cpu.endian=little, java.vendor.url.bug=http://bugreport.sun.com/bugreport/, file.separator=/, maven.home=/usr/share/maven, java.vendor=Private Build, sun.boot.class.path=/usr/lib/jvm/java-8-openjdk-amd64/jre/lib/resources.jar:/usr/lib/jvm/java-8-openjdk-amd64/jre/lib/rt.jar:/usr/lib/jvm/java-8-openjdk-amd64/jre/lib/sunrsasign.jar:/usr/lib/jvm/java-8-openjdk-amd64/jre/lib/jsse.jar:/usr/lib/jvm/java-8-openjdk-amd64/jre/lib/jce.jar:/usr/lib/jvm/java-8-openjdk-amd64/jre/lib/charsets.jar:/usr/lib/jvm/java-8-openjdk-amd64/jre/lib/jfr.jar:/usr/lib/jvm/java-8-openjdk-amd64/jre/classes, securerandom.source=file:/dev/./urandom, java.ext.dirs=/usr/lib/jvm/java-8-openjdk-amd64/jre/lib/ext:/usr/java/packages/lib/ext, java.version=1.8.0_282, java.vm.info=mixed mode, awt.toolkit=sun.awt.X11.XToolkit, user.language=en, java.specification.vendor=Oracle Corporation, sun.java.command=org.codehaus.plexus.classworlds.launcher.Launcher exec:java -Dexec.mainClass=com.xatkit.example.MdeBot, java.home=/usr/lib/jvm/java-8-openjdk-amd64/jre, sun.arch.data.model=64, java.vm.specification.version=1.8, java.class.path=/usr/share/maven/boot/plexus-classworlds-2.x.jar, user.name=qm_shail_hash_98, file.encoding=UTF-8, java.specification.version=1.8, java.awt.printerjob=sun.print.PSPrinterJob, user.timezone=Asia/Kolkata, user.home=/home/qm_shail_hash_98, library.jansi.path=/usr/share/maven/lib/jansi-native, os.version=5.8.0-44-generic, sun.management.compiler=HotSpot 64-Bit Tiered Compilers, java.specification.name=Java Platform API Specification, java.class.version=52.0, maven.conf=/usr/share/maven/conf, java.library.path=/usr/java/packages/lib/amd64:/usr/lib/x86_64-linux-gnu/jni:/lib/x86_64-linux-gnu:/usr/lib/x86_64-linux-gnu:/usr/lib/jni:/lib:/usr/lib, sun.jnu.encoding=UTF-8, classworlds.conf=/usr/share/maven/bin/m2.conf, os.name=Linux, java.vm.specification.vendor=Oracle Corporation, java.io.tmpdir=/tmp, line.separator=
, java.endorsed.dirs=/usr/lib/jvm/java-8-openjdk-amd64/jre/lib/endorsed, os.arch=amd64, java.awt.graphicsenv=sun.awt.X11GraphicsEnvironment, java.runtime.version=1.8.0_282-8u282-b08-0ubuntu1~20.04-b08, java.vm.specification.name=Java Virtual Machine Specification, user.dir=/home/qm_shail_hash_98/xatkit/xatkit-examples/MdeBots/MdeBot-4, user.country=IN, sun.java.launcher=SUN_STANDARD, sun.os.patch.level=unknown, java.vm.name=OpenJDK 64-Bit Server VM, file.encoding.pkg=sun.io, guice.disable.misplaced.annotation.check=true, path.separator=:, maven.multiModuleProjectDirectory=/home/qm_shail_hash_98/xatkit/xatkit-examples/MdeBots/MdeBot-4, java.vm.vendor=Private Build, java.vendor.url=http://java.oracle.com/, exec.mainClass=com.xatkit.example.MdeBot, sun.boot.library.path=/usr/lib/jvm/java-8-openjdk-amd64/jre/lib/amd64, java.vm.version=25.282-b08, java.runtime.name=OpenJDK Runtime Environment}, session: {}, contextId: 19992e1c-31ea-4385-afd8-bb70c18ea876, origin: http://localhost:5000))
2021-03-11 22:50:14 INFO  Detected Intent Default_Fallback_Intent (confidence 1) from query text "I want to name the contract as Contract1" (com.xatkit.execution.impl.StateContextImpl@c02e92c (configuration: {sun.cpu.isalist=, sun.desktop=gnome, sun.io.unicode.encoding=UnicodeLittle, sun.cpu.endian=little, java.vendor.url.bug=http://bugreport.sun.com/bugreport/, file.separator=/, maven.home=/usr/share/maven, java.vendor=Private Build, sun.boot.class.path=/usr/lib/jvm/java-8-openjdk-amd64/jre/lib/resources.jar:/usr/lib/jvm/java-8-openjdk-amd64/jre/lib/rt.jar:/usr/lib/jvm/java-8-openjdk-amd64/jre/lib/sunrsasign.jar:/usr/lib/jvm/java-8-openjdk-amd64/jre/lib/jsse.jar:/usr/lib/jvm/java-8-openjdk-amd64/jre/lib/jce.jar:/usr/lib/jvm/java-8-openjdk-amd64/jre/lib/charsets.jar:/usr/lib/jvm/java-8-openjdk-amd64/jre/lib/jfr.jar:/usr/lib/jvm/java-8-openjdk-amd64/jre/classes, securerandom.source=file:/dev/./urandom, java.ext.dirs=/usr/lib/jvm/java-8-openjdk-amd64/jre/lib/ext:/usr/java/packages/lib/ext, java.version=1.8.0_282, java.vm.info=mixed mode, awt.toolkit=sun.awt.X11.XToolkit, user.language=en, java.specification.vendor=Oracle Corporation, sun.java.command=org.codehaus.plexus.classworlds.launcher.Launcher exec:java -Dexec.mainClass=com.xatkit.example.MdeBot, java.home=/usr/lib/jvm/java-8-openjdk-amd64/jre, sun.arch.data.model=64, java.vm.specification.version=1.8, java.class.path=/usr/share/maven/boot/plexus-classworlds-2.x.jar, user.name=qm_shail_hash_98, file.encoding=UTF-8, java.specification.version=1.8, java.awt.printerjob=sun.print.PSPrinterJob, user.timezone=Asia/Kolkata, user.home=/home/qm_shail_hash_98, library.jansi.path=/usr/share/maven/lib/jansi-native, os.version=5.8.0-44-generic, sun.management.compiler=HotSpot 64-Bit Tiered Compilers, java.specification.name=Java Platform API Specification, java.class.version=52.0, maven.conf=/usr/share/maven/conf, java.library.path=/usr/java/packages/lib/amd64:/usr/lib/x86_64-linux-gnu/jni:/lib/x86_64-linux-gnu:/usr/lib/x86_64-linux-gnu:/usr/lib/jni:/lib:/usr/lib, sun.jnu.encoding=UTF-8, classworlds.conf=/usr/share/maven/bin/m2.conf, os.name=Linux, java.vm.specification.vendor=Oracle Corporation, java.io.tmpdir=/tmp, line.separator=
, java.endorsed.dirs=/usr/lib/jvm/java-8-openjdk-amd64/jre/lib/endorsed, os.arch=amd64, java.awt.graphicsenv=sun.awt.X11GraphicsEnvironment, java.runtime.version=1.8.0_282-8u282-b08-0ubuntu1~20.04-b08, java.vm.specification.name=Java Virtual Machine Specification, user.dir=/home/qm_shail_hash_98/xatkit/xatkit-examples/MdeBots/MdeBot-4, user.country=IN, sun.java.launcher=SUN_STANDARD, sun.os.patch.level=unknown, java.vm.name=OpenJDK 64-Bit Server VM, file.encoding.pkg=sun.io, guice.disable.misplaced.annotation.check=true, path.separator=:, maven.multiModuleProjectDirectory=/home/qm_shail_hash_98/xatkit/xatkit-examples/MdeBots/MdeBot-4, java.vm.vendor=Private Build, java.vendor.url=http://java.oracle.com/, exec.mainClass=com.xatkit.example.MdeBot, sun.boot.library.path=/usr/lib/jvm/java-8-openjdk-amd64/jre/lib/amd64, java.vm.version=25.282-b08, java.runtime.name=OpenJDK Runtime Environment}, session: {}, contextId: 19992e1c-31ea-4385-afd8-bb70c18ea876, origin: http://localhost:5000))
2021-03-11 23:29:14 INFO  Stopping SocketIO server
2021-03-11 23:29:14 ERROR null
java.net.SocketException: Socket closed
	at java.net.PlainSocketImpl.socketAccept(Native Method) ~[?:1.8.0_282]
	at java.net.AbstractPlainSocketImpl.accept(AbstractPlainSocketImpl.java:409) ~[?:1.8.0_282]
	at java.net.ServerSocket.implAccept(ServerSocket.java:560) ~[?:1.8.0_282]
	at java.net.ServerSocket.accept(ServerSocket.java:528) ~[?:1.8.0_282]
	at org.apache.http.impl.bootstrap.RequestListener.run(RequestListener.java:74) ~[httpcore-4.4.10.jar:4.4.10]
	at java.util.concurrent.ThreadPoolExecutor.runWorker(ThreadPoolExecutor.java:1149) [?:1.8.0_282]
	at java.util.concurrent.ThreadPoolExecutor$Worker.run(ThreadPoolExecutor.java:624) [?:1.8.0_282]
	at java.lang.Thread.run(Thread.java:748) [?:1.8.0_282]
2021-03-11 23:29:18 INFO  SocketIO server stopped
2021-03-12 11:42:55 INFO  Using MapDB to store monitoring data
2021-03-12 11:42:55 INFO  Starting intent recognition monitoring
2021-03-12 11:42:55 INFO  Registered REST handler  at URI /analytics/monitoring (method=GET)
2021-03-12 11:42:55 INFO  Registered REST handler  at URI /analytics/monitoring/session (method=GET)
2021-03-12 11:42:55 INFO  Registered REST handler  at URI /analytics/monitoring/unmatched (method=GET)
2021-03-12 11:42:55 INFO  Registered REST handler  at URI /analytics/monitoring/matched (method=GET)
2021-03-12 11:42:55 INFO  Registered REST handler  at URI /analytics/monitoring/sessions/stats (method=GET)
2021-03-12 11:42:55 INFO  Starting NLP.js Client
2021-03-12 11:42:56 INFO  Session store / pubsub factory used: MemoryStoreFactory (local session store only)
2021-03-12 11:42:56 INFO  Registered REST handler  at URI /admin (method=GET)
2021-03-12 11:42:56 INFO  Registered REST handler  at URI /admin/css/xatkit.css (method=GET)
2021-03-12 11:42:56 INFO  Registered REST handler  at URI /admin/js/xatkit.js (method=GET)
2021-03-12 11:42:56 INFO  Starting ReactEventProvider
2021-03-12 11:42:56 INFO  SocketIO server started at port: 5001
2021-03-12 11:42:56 INFO  Starting ReactIntentProvider
2021-03-12 11:42:56 INFO  Registering execution rule events
2021-03-12 11:42:56 ERROR Cannot register the entity com.xatkit.intent.impl.BaseEntityDefinitionImpl@13ae26c8 (entityType: any). This type is not supported by NLP.js
2021-03-12 11:42:56 ERROR Cannot register the entity com.xatkit.intent.impl.BaseEntityDefinitionImpl@4aa02a65 (entityType: any). This type is not supported by NLP.js
2021-03-12 11:42:56 ERROR Cannot register the entity com.xatkit.intent.impl.BaseEntityDefinitionImpl@539a1e11 (entityType: any). This type is not supported by NLP.js
2021-03-12 11:42:56 ERROR Cannot register the entity com.xatkit.intent.impl.BaseEntityDefinitionImpl@2d7b09f4 (entityType: any). This type is not supported by NLP.js
2021-03-12 11:42:56 ERROR Cannot register the entity com.xatkit.intent.impl.BaseEntityDefinitionImpl@f935934 (entityType: any). This type is not supported by NLP.js
2021-03-12 11:42:56 ERROR Cannot register the entity com.xatkit.intent.impl.BaseEntityDefinitionImpl@44aba9a1 (entityType: any). This type is not supported by NLP.js
2021-03-12 11:42:56 ERROR Cannot register the entity com.xatkit.intent.impl.BaseEntityDefinitionImpl@3283c816 (entityType: any). This type is not supported by NLP.js
2021-03-12 11:42:56 ERROR Cannot register the entity com.xatkit.intent.impl.BaseEntityDefinitionImpl@274c7d8b (entityType: any). This type is not supported by NLP.js
2021-03-12 11:42:56 ERROR Cannot register the entity com.xatkit.intent.impl.BaseEntityDefinitionImpl@3e333e62 (entityType: any). This type is not supported by NLP.js
2021-03-12 11:42:56 ERROR Cannot register the entity com.xatkit.intent.impl.BaseEntityDefinitionImpl@6b4953c2 (entityType: any). This type is not supported by NLP.js
2021-03-12 11:42:56 ERROR An error occurred when starting the XatkitBot, trying to close started services
2021-03-12 11:42:56 INFO  Stopping XatkitServer
2021-03-12 11:42:56 WARN  Cannot stop the XatkitServer, the server is not started
2021-03-12 11:43:33 INFO  Stopping SocketIO server
2021-03-12 11:43:38 INFO  SocketIO server stopped
2021-03-12 11:43:51 INFO  Using MapDB to store monitoring data
2021-03-12 11:43:51 INFO  Starting intent recognition monitoring
2021-03-12 11:43:51 INFO  Registered REST handler  at URI /analytics/monitoring (method=GET)
2021-03-12 11:43:51 INFO  Registered REST handler  at URI /analytics/monitoring/session (method=GET)
2021-03-12 11:43:51 INFO  Registered REST handler  at URI /analytics/monitoring/unmatched (method=GET)
2021-03-12 11:43:51 INFO  Registered REST handler  at URI /analytics/monitoring/matched (method=GET)
2021-03-12 11:43:51 INFO  Registered REST handler  at URI /analytics/monitoring/sessions/stats (method=GET)
2021-03-12 11:43:51 INFO  Starting NLP.js Client
2021-03-12 11:43:52 INFO  Session store / pubsub factory used: MemoryStoreFactory (local session store only)
2021-03-12 11:43:52 INFO  Registered REST handler  at URI /admin (method=GET)
2021-03-12 11:43:52 INFO  Registered REST handler  at URI /admin/css/xatkit.css (method=GET)
2021-03-12 11:43:52 INFO  Registered REST handler  at URI /admin/js/xatkit.js (method=GET)
2021-03-12 11:43:52 INFO  Starting ReactEventProvider
2021-03-12 11:43:52 INFO  SocketIO server started at port: 5001
2021-03-12 11:43:52 INFO  Starting ReactIntentProvider
2021-03-12 11:43:52 INFO  Registering execution rule events
2021-03-12 11:43:52 ERROR Cannot register the entity com.xatkit.intent.impl.BaseEntityDefinitionImpl@4dec8493 (entityType: any). This type is not supported by NLP.js
2021-03-12 11:43:52 ERROR Cannot register the entity com.xatkit.intent.impl.BaseEntityDefinitionImpl@76619d88 (entityType: any). This type is not supported by NLP.js
2021-03-12 11:43:52 ERROR Cannot register the entity com.xatkit.intent.impl.BaseEntityDefinitionImpl@2609be6d (entityType: any). This type is not supported by NLP.js
2021-03-12 11:43:52 ERROR Cannot register the entity com.xatkit.intent.impl.BaseEntityDefinitionImpl@72a81cd (entityType: any). This type is not supported by NLP.js
2021-03-12 11:43:52 ERROR Cannot register the entity com.xatkit.intent.impl.BaseEntityDefinitionImpl@2d23e53f (entityType: any). This type is not supported by NLP.js
2021-03-12 11:43:52 ERROR Cannot register the entity com.xatkit.intent.impl.BaseEntityDefinitionImpl@3c45869f (entityType: any). This type is not supported by NLP.js
2021-03-12 11:43:52 ERROR Cannot register the entity com.xatkit.intent.impl.BaseEntityDefinitionImpl@6f324c33 (entityType: any). This type is not supported by NLP.js
2021-03-12 11:43:52 ERROR Cannot register the entity com.xatkit.intent.impl.BaseEntityDefinitionImpl@5d0a56f7 (entityType: any). This type is not supported by NLP.js
2021-03-12 11:43:52 ERROR Cannot register the entity com.xatkit.intent.impl.BaseEntityDefinitionImpl@2faa4f58 (entityType: any). This type is not supported by NLP.js
2021-03-12 11:43:52 ERROR Cannot register the entity com.xatkit.intent.impl.BaseEntityDefinitionImpl@3fcb454c (entityType: any). This type is not supported by NLP.js
2021-03-12 11:43:52 ERROR An error occurred when starting the XatkitBot, trying to close started services
2021-03-12 11:43:52 INFO  Stopping XatkitServer
2021-03-12 11:43:52 WARN  Cannot stop the XatkitServer, the server is not started
2021-03-12 11:51:40 INFO  Stopping SocketIO server
2021-03-12 11:51:45 INFO  SocketIO server stopped
2021-03-12 11:57:43 INFO  Using MapDB to store monitoring data
2021-03-12 11:57:43 INFO  Starting intent recognition monitoring
2021-03-12 11:57:43 INFO  Registered REST handler  at URI /analytics/monitoring (method=GET)
2021-03-12 11:57:43 INFO  Registered REST handler  at URI /analytics/monitoring/session (method=GET)
2021-03-12 11:57:43 INFO  Registered REST handler  at URI /analytics/monitoring/unmatched (method=GET)
2021-03-12 11:57:43 INFO  Registered REST handler  at URI /analytics/monitoring/matched (method=GET)
2021-03-12 11:57:43 INFO  Registered REST handler  at URI /analytics/monitoring/sessions/stats (method=GET)
2021-03-12 11:57:43 INFO  Starting DialogFlow Client
2021-03-12 11:57:43 INFO  Loading Google Credentials file ./sc-mde-nymmpx-d0311abe8e74.json
2021-03-12 11:57:44 INFO  Cleaning agent DialogFlow agent
2021-03-12 11:58:20 ERROR An error occurred when starting the XatkitBot, trying to close started services
2021-03-12 11:58:20 INFO  Stopping XatkitServer
2021-03-12 11:58:20 WARN  Cannot stop the XatkitServer, the server is not started
2021-03-12 12:02:10 INFO  Using MapDB to store monitoring data
2021-03-12 12:02:10 INFO  Starting intent recognition monitoring
2021-03-12 12:02:10 INFO  Registered REST handler  at URI /analytics/monitoring (method=GET)
2021-03-12 12:02:10 INFO  Registered REST handler  at URI /analytics/monitoring/session (method=GET)
2021-03-12 12:02:10 INFO  Registered REST handler  at URI /analytics/monitoring/unmatched (method=GET)
2021-03-12 12:02:10 INFO  Registered REST handler  at URI /analytics/monitoring/matched (method=GET)
2021-03-12 12:02:10 INFO  Registered REST handler  at URI /analytics/monitoring/sessions/stats (method=GET)
2021-03-12 12:02:10 INFO  Starting DialogFlow Client
2021-03-12 12:02:10 INFO  Loading Google Credentials file ./sc-mde-nymmpx-d0311abe8e74.json
2021-03-12 12:02:11 INFO  Cleaning agent DialogFlow agent
2021-03-12 12:02:15 INFO  Skipping intent import, the agent has been cleaned on startup
2021-03-12 12:02:15 INFO  Skipping entity types import, the agent has been cleaned on startup
2021-03-12 12:02:15 INFO  Session store / pubsub factory used: MemoryStoreFactory (local session store only)
2021-03-12 12:02:16 INFO  Registered REST handler  at URI /admin (method=GET)
2021-03-12 12:02:16 INFO  Registered REST handler  at URI /admin/css/xatkit.css (method=GET)
2021-03-12 12:02:16 INFO  Registered REST handler  at URI /admin/js/xatkit.js (method=GET)
2021-03-12 12:02:16 INFO  Starting ReactEventProvider
2021-03-12 12:02:16 INFO  SocketIO server started at port: 5001
2021-03-12 12:02:16 INFO  Starting ReactIntentProvider
2021-03-12 12:02:16 INFO  Registering execution rule events
2021-03-12 12:02:40 INFO  Starting DialogFlow agent training (this may take a few minutes)
2021-03-12 12:02:43 INFO  DialogFlow agent trained, intent matching will be available in a few seconds
2021-03-12 12:02:53 INFO  Starting XatkitServer
2021-03-12 12:02:53 INFO  Registered REST handler  at URI /status (method=GET)
2021-03-12 12:02:53 INFO  XatkitServer started, listening on port 5,000
2021-03-12 12:02:53 INFO  Xatkit bot started
2021-03-12 12:03:43 INFO  Detected Intent CreateContract (confidence 1) from query text "I want to create contract" (com.xatkit.core.recognition.dialogflow.DialogFlowStateContext@b08892 (configuration: {xatkit.dialogflow.projectId=sc-mde-nymmpx, xatkit.dialogflow.credentials.path=./sc-mde-nymmpx-d0311abe8e74.json, xatkit.dialogflow.language=en-US, xatkit.dialogflow.clean_on_startup=true, sun.cpu.isalist=, sun.desktop=gnome, sun.io.unicode.encoding=UnicodeLittle, sun.cpu.endian=little, java.vendor.url.bug=http://bugreport.sun.com/bugreport/, file.separator=/, maven.home=/usr/share/maven, java.vendor=Private Build, sun.boot.class.path=/usr/lib/jvm/java-8-openjdk-amd64/jre/lib/resources.jar:/usr/lib/jvm/java-8-openjdk-amd64/jre/lib/rt.jar:/usr/lib/jvm/java-8-openjdk-amd64/jre/lib/sunrsasign.jar:/usr/lib/jvm/java-8-openjdk-amd64/jre/lib/jsse.jar:/usr/lib/jvm/java-8-openjdk-amd64/jre/lib/jce.jar:/usr/lib/jvm/java-8-openjdk-amd64/jre/lib/charsets.jar:/usr/lib/jvm/java-8-openjdk-amd64/jre/lib/jfr.jar:/usr/lib/jvm/java-8-openjdk-amd64/jre/classes, securerandom.source=file:/dev/./urandom, java.ext.dirs=/usr/lib/jvm/java-8-openjdk-amd64/jre/lib/ext:/usr/java/packages/lib/ext, java.version=1.8.0_282, java.vm.info=mixed mode, awt.toolkit=sun.awt.X11.XToolkit, user.language=en, java.specification.vendor=Oracle Corporation, sun.java.command=org.codehaus.plexus.classworlds.launcher.Launcher exec:java -Dexec.mainClass=com.xatkit.example.MdeBot, java.home=/usr/lib/jvm/java-8-openjdk-amd64/jre, sun.arch.data.model=64, java.vm.specification.version=1.8, java.class.path=/usr/share/maven/boot/plexus-classworlds-2.x.jar, user.name=qm_shail_hash_98, file.encoding=UTF-8, java.specification.version=1.8, java.awt.printerjob=sun.print.PSPrinterJob, user.timezone=Asia/Kolkata, user.home=/home/qm_shail_hash_98, library.jansi.path=/usr/share/maven/lib/jansi-native, os.version=5.8.0-44-generic, sun.management.compiler=HotSpot 64-Bit Tiered Compilers, java.specification.name=Java Platform API Specification, java.class.version=52.0, maven.conf=/usr/share/maven/conf, java.library.path=/usr/java/packages/lib/amd64:/usr/lib/x86_64-linux-gnu/jni:/lib/x86_64-linux-gnu:/usr/lib/x86_64-linux-gnu:/usr/lib/jni:/lib:/usr/lib, sun.jnu.encoding=UTF-8, classworlds.conf=/usr/share/maven/bin/m2.conf, os.name=Linux, java.vm.specification.vendor=Oracle Corporation, java.io.tmpdir=/tmp, line.separator=
, java.endorsed.dirs=/usr/lib/jvm/java-8-openjdk-amd64/jre/lib/endorsed, os.arch=amd64, java.awt.graphicsenv=sun.awt.X11GraphicsEnvironment, java.runtime.version=1.8.0_282-8u282-b08-0ubuntu1~20.04-b08, java.vm.specification.name=Java Virtual Machine Specification, user.dir=/home/qm_shail_hash_98/xatkit/xatkit-examples/MdeBots/MdeBot-4, user.country=IN, sun.java.launcher=SUN_STANDARD, sun.os.patch.level=unknown, java.vm.name=OpenJDK 64-Bit Server VM, file.encoding.pkg=sun.io, guice.disable.misplaced.annotation.check=true, path.separator=:, maven.multiModuleProjectDirectory=/home/qm_shail_hash_98/xatkit/xatkit-examples/MdeBots/MdeBot-4, java.vm.vendor=Private Build, java.vendor.url=http://java.oracle.com/, exec.mainClass=com.xatkit.example.MdeBot, sun.boot.library.path=/usr/lib/jvm/java-8-openjdk-amd64/jre/lib/amd64, java.vm.version=25.282-b08, java.runtime.name=OpenJDK Runtime Environment}, session: {}, contextId: projects/sc-mde-nymmpx/agent/sessions/e26084a5-1950-4b7c-829a-f43a2f0c2e93, origin: http://localhost:5000))
2021-03-12 14:20:01 INFO  Stopping SocketIO server
2021-03-12 14:20:01 ERROR null
java.net.SocketException: Socket closed
	at java.net.PlainSocketImpl.socketAccept(Native Method) ~[?:1.8.0_282]
	at java.net.AbstractPlainSocketImpl.accept(AbstractPlainSocketImpl.java:409) ~[?:1.8.0_282]
	at java.net.ServerSocket.implAccept(ServerSocket.java:560) ~[?:1.8.0_282]
	at java.net.ServerSocket.accept(ServerSocket.java:528) ~[?:1.8.0_282]
	at org.apache.http.impl.bootstrap.RequestListener.run(RequestListener.java:74) ~[httpcore-4.4.10.jar:4.4.10]
	at java.util.concurrent.ThreadPoolExecutor.runWorker(ThreadPoolExecutor.java:1149) [?:1.8.0_282]
	at java.util.concurrent.ThreadPoolExecutor$Worker.run(ThreadPoolExecutor.java:624) [?:1.8.0_282]
	at java.lang.Thread.run(Thread.java:748) [?:1.8.0_282]
2021-03-12 14:20:05 INFO  SocketIO server stopped
2021-04-02 20:58:12 INFO  Using MapDB to store monitoring data
2021-04-02 20:58:12 INFO  Starting intent recognition monitoring
2021-04-02 20:58:13 INFO  Registered REST handler  at URI /analytics/monitoring (method=GET)
2021-04-02 20:58:13 INFO  Registered REST handler  at URI /analytics/monitoring/session (method=GET)
2021-04-02 20:58:13 INFO  Registered REST handler  at URI /analytics/monitoring/unmatched (method=GET)
2021-04-02 20:58:13 INFO  Registered REST handler  at URI /analytics/monitoring/matched (method=GET)
2021-04-02 20:58:13 INFO  Registered REST handler  at URI /analytics/monitoring/sessions/stats (method=GET)
2021-04-02 20:58:13 INFO  Starting DialogFlow Client
2021-04-02 20:58:13 INFO  Loading Google Credentials file ./sc-mde-nymmpx-d0311abe8e74.json
2021-04-02 20:58:14 INFO  Loading Intents previously registered in the DialogFlow project sc-mde-nymmpx
2021-04-02 20:58:16 INFO  Loading Entities previously registered in the DialogFlow project sc-mde-nymmpx
2021-04-02 20:58:17 INFO  Session store / pubsub factory used: MemoryStoreFactory (local session store only)
2021-04-02 20:58:17 INFO  Registered REST handler  at URI /admin (method=GET)
2021-04-02 20:58:17 INFO  Registered REST handler  at URI /admin/css/xatkit.css (method=GET)
2021-04-02 20:58:17 INFO  Registered REST handler  at URI /admin/js/xatkit.js (method=GET)
2021-04-02 20:58:17 INFO  Starting ReactEventProvider
2021-04-02 20:58:17 INFO  SocketIO server started at port: 5001
2021-04-02 20:58:17 INFO  Starting ReactIntentProvider
2021-04-02 20:58:17 INFO  Registering execution rule events
2021-04-02 20:58:17 WARN  Intent CreateTransactionAssertRelationship already exists in the agent and will not be updated
2021-04-02 20:58:17 WARN  Intent GetCreator already exists in the agent and will not be updated
2021-04-02 20:58:17 WARN  Intent CreateTransactionRelationshipEventDescription already exists in the agent and will not be updated
2021-04-02 20:58:17 WARN  Intent CreateParticipantSetIdentifier already exists in the agent and will not be updated
2021-04-02 20:58:17 WARN  Intent CreateTransactionAssetRelationshipFrom already exists in the agent and will not be updated
2021-04-02 20:58:17 WARN  Intent CreateAssetAssertRelationship already exists in the agent and will not be updated
2021-04-02 20:58:17 WARN  Intent CreateParticpantDone already exists in the agent and will not be updated
2021-04-02 20:58:17 WARN  Intent createParticipantSetList already exists in the agent and will not be updated
2021-04-02 20:58:17 WARN  Intent CreateTransactionRelationshipName already exists in the agent and will not be updated
2021-04-02 20:58:17 WARN  Intent CreateAsset already exists in the agent and will not be updated
2021-04-02 20:58:17 WARN  Intent CreateTransactionAssertParameter already exists in the agent and will not be updated
2021-04-02 20:58:17 WARN  Intent CreateTransactionTranRelationshipFrom already exists in the agent and will not be updated
2021-04-02 20:58:17 WARN  Intent CreateTransactionRelationshipEventName already exists in the agent and will not be updated
2021-04-02 20:58:17 WARN  Intent CreateTransactionSetMostrar already exists in the agent and will not be updated
2021-04-02 20:58:17 WARN  Intent ContractDone already exists in the agent and will not be updated
2021-04-02 20:58:17 WARN  Intent CreateParticipantSetName already exists in the agent and will not be updated
2021-04-02 20:58:17 WARN  Intent CreateTransactionAssertTranRelationship already exists in the agent and will not be updated
2021-04-02 20:58:17 WARN  Intent CreateTransactionSetList already exists in the agent and will not be updated
2021-04-02 20:58:17 WARN  Intent CreateTransactionConditionName already exists in the agent and will not be updated
2021-04-02 20:58:17 WARN  Intent CreateTransactionConditionCondition already exists in the agent and will not be updated
2021-04-02 20:58:17 WARN  Intent CreateParticipant already exists in the agent and will not be updated
2021-04-02 20:58:17 WARN  Intent CreateTransactionSetName already exists in the agent and will not be updated
2021-04-02 20:58:17 WARN  Intent CreateParticipantAssertRelationship already exists in the agent and will not be updated
2021-04-02 20:58:17 WARN  Intent CreateParticipantAssertParameter already exists in the agent and will not be updated
2021-04-02 20:58:17 WARN  Intent CreateAssetSetName already exists in the agent and will not be updated
2021-04-02 20:58:17 WARN  Intent CreateTransactionAssertRelationshipEvent already exists in the agent and will not be updated
2021-04-02 20:58:17 WARN  Intent CreateParameterSetType already exists in the agent and will not be updated
2021-04-02 20:58:17 WARN  Intent CreateParameterSetName already exists in the agent and will not be updated
2021-04-02 20:58:17 WARN  Intent ContractName already exists in the agent and will not be updated
2021-04-02 20:58:17 WARN  Intent CreateAssetAssertParameter already exists in the agent and will not be updated
2021-04-02 20:58:17 WARN  Intent CreateAssetSetList already exists in the agent and will not be updated
2021-04-02 20:58:17 WARN  Intent CreateTransactionConditionType already exists in the agent and will not be updated
2021-04-02 20:58:17 WARN  Intent CreateAssetDone already exists in the agent and will not be updated
2021-04-02 20:58:17 WARN  Intent CreateTransactionAssertAssetRelationship already exists in the agent and will not be updated
2021-04-02 20:58:17 WARN  Intent CreateTransactionAssertCondition already exists in the agent and will not be updated
2021-04-02 20:58:17 WARN  Intent GetTargetPlatform already exists in the agent and will not be updated
2021-04-02 20:58:17 WARN  Intent EditContract already exists in the agent and will not be updated
2021-04-02 20:58:17 WARN  Intent CreateAssetSetType already exists in the agent and will not be updated
2021-04-02 20:58:17 WARN  Intent CreateTransactionDone already exists in the agent and will not be updated
2021-04-02 20:58:17 WARN  Intent CreateTransaction already exists in the agent and will not be updated
2021-04-02 20:58:17 WARN  Intent CreateContract already exists in the agent and will not be updated
2021-04-02 20:58:17 INFO  Starting XatkitServer
2021-04-02 20:58:17 INFO  Registered REST handler  at URI /status (method=GET)
2021-04-02 20:58:17 INFO  XatkitServer started, listening on port 5,000
2021-04-02 20:58:17 INFO  Xatkit bot started
2021-04-02 23:17:11 INFO  Stopping SocketIO server
2021-04-02 23:17:11 ERROR null
java.net.SocketException: Socket closed
	at java.net.PlainSocketImpl.socketAccept(Native Method) ~[?:1.8.0_282]
	at java.net.AbstractPlainSocketImpl.accept(AbstractPlainSocketImpl.java:409) ~[?:1.8.0_282]
	at java.net.ServerSocket.implAccept(ServerSocket.java:560) ~[?:1.8.0_282]
	at java.net.ServerSocket.accept(ServerSocket.java:528) ~[?:1.8.0_282]
	at org.apache.http.impl.bootstrap.RequestListener.run(RequestListener.java:74) ~[httpcore-4.4.10.jar:4.4.10]
	at java.util.concurrent.ThreadPoolExecutor.runWorker(ThreadPoolExecutor.java:1149) [?:1.8.0_282]
	at java.util.concurrent.ThreadPoolExecutor$Worker.run(ThreadPoolExecutor.java:624) [?:1.8.0_282]
	at java.lang.Thread.run(Thread.java:748) [?:1.8.0_282]
2021-04-02 23:17:15 INFO  SocketIO server stopped
2021-04-03 20:00:53 INFO  Using MapDB to store monitoring data
2021-04-03 20:00:53 INFO  Starting intent recognition monitoring
2021-04-03 20:00:54 INFO  Registered REST handler  at URI /analytics/monitoring (method=GET)
2021-04-03 20:00:54 INFO  Registered REST handler  at URI /analytics/monitoring/session (method=GET)
2021-04-03 20:00:54 INFO  Registered REST handler  at URI /analytics/monitoring/unmatched (method=GET)
2021-04-03 20:00:54 INFO  Registered REST handler  at URI /analytics/monitoring/matched (method=GET)
2021-04-03 20:00:54 INFO  Registered REST handler  at URI /analytics/monitoring/sessions/stats (method=GET)
2021-04-03 20:00:54 INFO  Starting DialogFlow Client
2021-04-03 20:00:54 INFO  Loading Google Credentials file ./sc-mde-nymmpx-d0311abe8e74.json
2021-04-03 20:00:55 INFO  Loading Intents previously registered in the DialogFlow project sc-mde-nymmpx
2021-04-03 20:01:07 INFO  Loading Entities previously registered in the DialogFlow project sc-mde-nymmpx
2021-04-03 20:01:08 INFO  Session store / pubsub factory used: MemoryStoreFactory (local session store only)
2021-04-03 20:01:09 INFO  Registered REST handler  at URI /admin (method=GET)
2021-04-03 20:01:09 INFO  Registered REST handler  at URI /admin/css/xatkit.css (method=GET)
2021-04-03 20:01:09 INFO  Registered REST handler  at URI /admin/js/xatkit.js (method=GET)
2021-04-03 20:01:09 INFO  Starting ReactEventProvider
2021-04-03 20:01:09 INFO  SocketIO server started at port: 5001
2021-04-03 20:01:09 INFO  Starting ReactIntentProvider
2021-04-03 20:01:09 INFO  Registering execution rule events
2021-04-03 20:01:09 WARN  Intent CreateTransactionSetList already exists in the agent and will not be updated
2021-04-03 20:01:09 WARN  Intent CreateTransactionConditionName already exists in the agent and will not be updated
2021-04-03 20:01:09 WARN  Intent CreateAssetDone already exists in the agent and will not be updated
2021-04-03 20:01:09 WARN  Intent GetTargetPlatform already exists in the agent and will not be updated
2021-04-03 20:01:09 WARN  Intent CreateTransactionSetMostrar already exists in the agent and will not be updated
2021-04-03 20:01:09 WARN  Intent ContractDone already exists in the agent and will not be updated
2021-04-03 20:01:09 WARN  Intent CreateTransactionAssertParameter already exists in the agent and will not be updated
2021-04-03 20:01:09 WARN  Intent CreateTransactionAssertAssetRelationship already exists in the agent and will not be updated
2021-04-03 20:01:09 WARN  Intent CreateParticipantAssertParameter already exists in the agent and will not be updated
2021-04-03 20:01:09 WARN  Intent CreateTransaction already exists in the agent and will not be updated
2021-04-03 20:01:09 WARN  Intent CreateContract already exists in the agent and will not be updated
2021-04-03 20:01:09 WARN  Intent CreateTransactionAssertTranRelationship already exists in the agent and will not be updated
2021-04-03 20:01:09 WARN  Intent CreateTransactionConditionType already exists in the agent and will not be updated
2021-04-03 20:01:09 WARN  Intent CreateTransactionAssertRelationship already exists in the agent and will not be updated
2021-04-03 20:01:09 WARN  Intent CreateAsset already exists in the agent and will not be updated
2021-04-03 20:01:09 WARN  Intent CreateAssetSetList already exists in the agent and will not be updated
2021-04-03 20:01:09 WARN  Intent CreateTransactionRelationshipName already exists in the agent and will not be updated
2021-04-03 20:01:09 WARN  Intent CreateTransactionAssertCondition already exists in the agent and will not be updated
2021-04-03 20:01:09 WARN  Intent createParticipantSetList already exists in the agent and will not be updated
2021-04-03 20:01:09 WARN  Intent GetCreator already exists in the agent and will not be updated
2021-04-03 20:01:09 WARN  Intent CreateAssetSetType already exists in the agent and will not be updated
2021-04-03 20:01:09 WARN  Intent CreateTransactionAssertRelationshipEvent already exists in the agent and will not be updated
2021-04-03 20:01:09 WARN  Intent CreateTransactionTranRelationshipFrom already exists in the agent and will not be updated
2021-04-03 20:01:09 WARN  Intent CreateAssetSetName already exists in the agent and will not be updated
2021-04-03 20:01:09 WARN  Intent EditContract already exists in the agent and will not be updated
2021-04-03 20:01:09 WARN  Intent CreateTransactionDone already exists in the agent and will not be updated
2021-04-03 20:01:09 WARN  Intent CreateTransactionRelationshipEventName already exists in the agent and will not be updated
2021-04-03 20:01:09 WARN  Intent CreateParticipant already exists in the agent and will not be updated
2021-04-03 20:01:09 WARN  Intent CreateParameterSetName already exists in the agent and will not be updated
2021-04-03 20:01:09 WARN  Intent CreateParticipantAssertRelationship already exists in the agent and will not be updated
2021-04-03 20:01:09 WARN  Intent ContractName already exists in the agent and will not be updated
2021-04-03 20:01:09 WARN  Intent CreateTransactionRelationshipEventDescription already exists in the agent and will not be updated
2021-04-03 20:01:09 WARN  Intent CreateTransactionAssetRelationshipFrom already exists in the agent and will not be updated
2021-04-03 20:01:09 WARN  Intent CreateParticpantDone already exists in the agent and will not be updated
2021-04-03 20:01:09 WARN  Intent CreateParticipantSetName already exists in the agent and will not be updated
2021-04-03 20:01:09 WARN  Intent CreateAssetAssertRelationship already exists in the agent and will not be updated
2021-04-03 20:01:09 WARN  Intent CreateParticipantSetIdentifier already exists in the agent and will not be updated
2021-04-03 20:01:09 WARN  Intent CreateAssetAssertParameter already exists in the agent and will not be updated
2021-04-03 20:01:09 WARN  Intent CreateTransactionSetName already exists in the agent and will not be updated
2021-04-03 20:01:09 WARN  Intent CreateParameterSetType already exists in the agent and will not be updated
2021-04-03 20:01:09 WARN  Intent CreateTransactionConditionCondition already exists in the agent and will not be updated
2021-04-03 20:01:09 INFO  Starting XatkitServer
2021-04-03 20:01:09 INFO  Registered REST handler  at URI /status (method=GET)
2021-04-03 20:01:09 INFO  XatkitServer started, listening on port 5,000
2021-04-03 20:01:09 INFO  Xatkit bot started
2021-04-03 23:43:26 INFO  Stopping SocketIO server
2021-04-03 23:43:26 ERROR null
java.net.SocketException: Socket closed
	at java.net.PlainSocketImpl.socketAccept(Native Method) ~[?:1.8.0_282]
	at java.net.AbstractPlainSocketImpl.accept(AbstractPlainSocketImpl.java:409) ~[?:1.8.0_282]
	at java.net.ServerSocket.implAccept(ServerSocket.java:560) ~[?:1.8.0_282]
	at java.net.ServerSocket.accept(ServerSocket.java:528) ~[?:1.8.0_282]
	at org.apache.http.impl.bootstrap.RequestListener.run(RequestListener.java:74) [httpcore-4.4.10.jar:4.4.10]
	at java.util.concurrent.ThreadPoolExecutor.runWorker(ThreadPoolExecutor.java:1149) [?:1.8.0_282]
	at java.util.concurrent.ThreadPoolExecutor$Worker.run(ThreadPoolExecutor.java:624) [?:1.8.0_282]
	at java.lang.Thread.run(Thread.java:748) [?:1.8.0_282]
2021-04-03 23:43:31 INFO  SocketIO server stopped
